\BOOKMARK [1][-]{section.1}{\376\377\137\025\212\000}{}% 1
\BOOKMARK [1][-]{section.2}{\376\377\170\024\172\166\163\260\162\266\122\006\147\220}{}% 2
\BOOKMARK [1][-]{section.3}{\376\377\145\207\163\056\176\374\217\360}{}% 3
\BOOKMARK [2][-]{subsection.3.1}{\376\377\170\024\172\166\163\260\162\266\116\016\143\021\142\030}{section.3}% 4
\BOOKMARK [2][-]{subsection.3.2}{\376\377\131\032\146\172\200\375\117\123\137\072\123\026\133\146\116\140\116\016\201\352\123\132\137\010}{section.3}% 5
\BOOKMARK [2][-]{subsection.3.3}{\376\377\217\321\172\357\173\126\165\145\117\030\123\026\377\010\000P\000P\000O\377\011}{section.3}% 6
\BOOKMARK [2][-]{subsection.3.4}{\376\377\213\376\172\013\133\146\116\140\377\010\000C\000u\000r\000r\000i\000c\000u\000l\000u\000m\000\040\000L\000e\000a\000r\000n\000i\000n\000g\377\011}{section.3}% 7
\BOOKMARK [2][-]{subsection.3.5}{\376\377\131\126\122\261\130\121\137\142\116\016\157\134\127\050\121\375\145\160}{section.3}% 8
\BOOKMARK [2][-]{subsection.3.6}{\376\377\162\151\164\006\116\377\167\037\116\016\123\357\211\343\221\312\140\047}{section.3}% 9
\BOOKMARK [2][-]{subsection.3.7}{\376\377\136\166\210\114\221\307\150\067\116\016\172\063\133\232\213\255\176\303}{section.3}% 10
\BOOKMARK [1][-]{section.4}{\376\377\230\171\166\356\213\276\213\241\116\016\133\236\163\260}{}% 11
\BOOKMARK [2][-]{subsection.4.1}{\376\377\227\000\154\102\122\006\147\220}{section.4}% 12
\BOOKMARK [2][-]{subsection.4.2}{\376\377\145\271\150\110\213\276\213\241\377\010\142\200\147\057\215\357\176\277\116\016\220\011\142\351\117\235\143\156\377\011}{section.4}% 13
\BOOKMARK [2][-]{subsection.4.3}{\376\377\133\236\163\260\217\307\172\013\377\010\155\101\172\013\116\016\121\163\225\056\153\145\232\244\377\011}{section.4}% 14
\BOOKMARK [2][-]{subsection.4.4}{\376\377\121\163\225\056\225\356\230\230\116\016\211\343\121\263\145\271\154\325}{section.4}% 15
\BOOKMARK [2][-]{subsection.4.5}{\376\377\162\151\164\006\163\257\130\203\133\236\163\260}{section.4}% 16
\BOOKMARK [2][-]{subsection.4.6}{\376\377\162\151\164\006\123\302\145\160\116\016\221\115\177\156}{section.4}% 17
\BOOKMARK [2][-]{subsection.4.7}{\376\377\213\255\176\303\215\205\123\302\145\160\116\016\221\115\177\156}{section.4}% 18
\BOOKMARK [2][-]{subsection.4.8}{\376\377\224\376\147\141\122\250\122\233\133\146\116\016\134\017\236\041\226\037\117\015\123\117\124\014}{section.4}% 19
\BOOKMARK [2][-]{subsection.4.9}{\376\377\131\126\122\261\116\016\170\260\144\236\147\072\122\066}{section.4}% 20
\BOOKMARK [2][-]{subsection.4.10}{\376\377\213\255\176\303\116\016\213\304\117\060}{section.4}% 21
\BOOKMARK [2][-]{subsection.4.11}{\376\377\123\357\211\306\123\026\172\227\123\343}{section.4}% 22
\BOOKMARK [2][-]{subsection.4.12}{\376\377\226\066\153\265\140\047\142\020\147\234}{section.4}% 23
\BOOKMARK [1][-]{section.5}{\376\377\142\020\147\234\116\016\122\006\147\220}{}% 24
\BOOKMARK [2][-]{subsection.5.1}{\376\377\142\020\147\234\124\110\163\260}{section.5}% 25
\BOOKMARK [2][-]{subsection.5.2}{\376\377\145\160\143\156\221\307\226\306\116\016\230\204\131\004\164\006}{section.5}% 26
\BOOKMARK [2][-]{subsection.5.3}{\376\377\213\255\176\303\146\362\176\277\116\016\210\114\116\072\123\357\211\306\123\026}{section.5}% 27
\BOOKMARK [2][-]{subsection.5.4}{\376\377\142\020\147\234\122\006\147\220}{section.5}% 28
\BOOKMARK [1][-]{section.6}{\376\377\176\323\213\272\116\016\134\125\147\033}{}% 29
\BOOKMARK [2][-]{subsection.6.1}{\376\377\176\323\213\272}{section.6}% 30
\BOOKMARK [1][-]{section.7}{\376\377\226\104\137\125\377\032\217\320\210\114\116\016\131\015\163\260\133\236\232\214}{}% 31
